<?xml version="1.0" encoding="UTF-8"?>
<testsuites name="Register" time="82.405" tests="5" failures="0" errors="0">
   <testsuite name="Register" tests="5" failures="0" errors="0" time="82.405" skipped="0" timestamp="30-05-2025T13:37:54" hostname="albar - Albar" id="Test Suites/Register">
      <properties>
         <property name="deviceName" value=""/>
         <property name="devicePlatform"/>
         <property name="logFolder" value="C:\\Project Bootcamp\\Project_katalon_E2E_Tokopedia\\Tokopedia\\Reports\\20250530_133740\\Register\\20250530_133740"/>
         <property name="logFiles" value="C:\\Project Bootcamp\\Project_katalon_E2E_Tokopedia\\Tokopedia\\Reports\\20250530_133740\\Register\\20250530_133740\\execution0.log"/>
         <property name="attachments" value=""/>
         <property name="hostName" value="albar - Albar"/>
         <property name="os" value="Windows 11 64bit"/>
         <property name="katalonVersion" value="9.7.5.223"/>
         <property name="browser" value="Chrome 136.0.0.0"/>
         <property name="hostAddress" value="192.168.100.12"/>
         <property name="sessionId" value="b9c00b7f624aa26e3b1f76d90ed256d4"/>
         <property name="seleniumVersion" value="3.141.59"/>
         <property name="proxyInformation" value="ProxyInformation { proxyOption=NO_PROXY, proxyServerType=HTTP, username=, password=********, proxyServerAddress=, proxyServerPort=0, executionList=&quot;&quot;, isApplyToDesiredCapabilities=true }"/>
         <property name="platform" value="Windows 11"/>
      </properties>
      <testcase name="Test Cases/Register/TC_Register_01 - Register akun menggunakan akun google yang belum terdaftar" time="21.252" classname="Test Cases/Register/TC_Register_01 - Register akun menggunakan akun google yang belum terdaftar" status="PASSED">
         <system-out><![CDATA[30-05-2025T13:37:55 - [TEST_CASE][PASSED] - Test Cases/Register/TC_Register_01 - Register akun menggunakan akun google yang belum terdaftar: Test Cases/Register/TC_Register_01 - Register akun menggunakan akun google yang belum terdaftar

30-05-2025T13:37:55 - [TEST_STEP][PASSED] - openBrowser(""): Browser is opened with url: ''

30-05-2025T13:37:57 - [MESSAGE][INFO] - Starting 'Chrome' driver

30-05-2025T13:37:57 - [MESSAGE][INFO] - Action delay is set to 0 milliseconds

30-05-2025T13:38:01 - [MESSAGE][PASSED] - Browser is opened with url: ''

30-05-2025T13:38:01 - [TEST_STEP][PASSED] - maximizeWindow(): Current window maximized

30-05-2025T13:38:01 - [MESSAGE][PASSED] - Current window maximized

30-05-2025T13:38:01 - [TEST_STEP][PASSED] - navigateToUrl("https://www.tokopedia.com/"): Navigate to 'https://www.tokopedia.com/' successfully

30-05-2025T13:38:02 - [MESSAGE][PASSED] - Navigate to 'https://www.tokopedia.com/' successfully

30-05-2025T13:38:02 - [TEST_STEP][PASSED] - click(findTestObject("Register/WelcomePage/svg")): Object: 'Object Repository/Register/WelcomePage/svg' is clicked on

30-05-2025T13:38:09 - [MESSAGE][PASSED] - Object: 'Object Repository/Register/WelcomePage/svg' is clicked on

30-05-2025T13:38:09 - [TEST_STEP][PASSED] - click(findTestObject("Register/Daftar/button_Daftar")): Object: 'Object Repository/Register/Daftar/button_Daftar' is clicked on

30-05-2025T13:38:12 - [MESSAGE][PASSED] - Object: 'Object Repository/Register/Daftar/button_Daftar' is clicked on

30-05-2025T13:38:12 - [TEST_STEP][PASSED] - setText(findTestObject("Register/Daftar/FiledNoHp_Email/input_Nomor HP atau E-mail_register"), "vexohi2292@nomrista.com"): Text 'vexohi2292@nomrista.com' is set on object 'Object Repository/Register/Daftar/FiledNoHp_Email/input_Nomor HP atau E-mail_register'

30-05-2025T13:38:14 - [MESSAGE][PASSED] - Text 'vexohi2292@nomrista.com' is set on object 'Object Repository/Register/Daftar/FiledNoHp_Email/input_Nomor HP atau E-mail_register'

30-05-2025T13:38:14 - [TEST_STEP][PASSED] - click(findTestObject("Register/DaftarAfterSetText/Daftar_2")): Object: 'Object Repository/Register/DaftarAfterSetText/Daftar_2' is clicked on

30-05-2025T13:38:15 - [MESSAGE][PASSED] - Object: 'Object Repository/Register/DaftarAfterSetText/Daftar_2' is clicked on

30-05-2025T13:38:15 - [TEST_STEP][PASSED] - click(findTestObject("Register/afterDaftar/span_Ya, Benar")): Object: 'Object Repository/Register/afterDaftar/span_Ya, Benar' is clicked on

30-05-2025T13:38:16 - [MESSAGE][PASSED] - Object: 'Object Repository/Register/afterDaftar/span_Ya, Benar' is clicked on]]></system-out>
         <system-err><![CDATA[]]></system-err>
      </testcase>
      <testcase name="Test Cases/Register/TC_Register_02 - Register akun menggunakan format google yang salah" time="17.16" classname="Test Cases/Register/TC_Register_02 - Register akun menggunakan format google yang salah" status="PASSED">
         <system-out><![CDATA[30-05-2025T13:38:16 - [TEST_CASE][PASSED] - Test Cases/Register/TC_Register_02 - Register akun menggunakan format google yang salah: Test Cases/Register/TC_Register_02 - Register akun menggunakan format google yang salah

30-05-2025T13:38:16 - [TEST_STEP][PASSED] - openBrowser(""): Browser is opened with url: ''

30-05-2025T13:38:16 - [MESSAGE][WARNING] - A browser is already opened. Closing browser and opening a new one

30-05-2025T13:38:16 - [MESSAGE][INFO] - Starting 'Chrome' driver

30-05-2025T13:38:16 - [MESSAGE][INFO] - Action delay is set to 0 milliseconds

30-05-2025T13:38:18 - [MESSAGE][PASSED] - Browser is opened with url: ''

30-05-2025T13:38:18 - [TEST_STEP][PASSED] - maximizeWindow(): Current window maximized

30-05-2025T13:38:18 - [MESSAGE][PASSED] - Current window maximized

30-05-2025T13:38:18 - [TEST_STEP][PASSED] - navigateToUrl("https://www.tokopedia.com/"): Navigate to 'https://www.tokopedia.com/' successfully

30-05-2025T13:38:25 - [MESSAGE][PASSED] - Navigate to 'https://www.tokopedia.com/' successfully

30-05-2025T13:38:25 - [TEST_STEP][PASSED] - click(findTestObject("Register/WelcomePage/svg")): Object: 'Object Repository/Register/WelcomePage/svg' is clicked on

30-05-2025T13:38:27 - [MESSAGE][PASSED] - Object: 'Object Repository/Register/WelcomePage/svg' is clicked on

30-05-2025T13:38:27 - [TEST_STEP][PASSED] - click(findTestObject("Register/Daftar/button_Daftar")): Object: 'Object Repository/Register/Daftar/button_Daftar' is clicked on

30-05-2025T13:38:31 - [MESSAGE][PASSED] - Object: 'Object Repository/Register/Daftar/button_Daftar' is clicked on

30-05-2025T13:38:31 - [TEST_STEP][PASSED] - setText(findTestObject("Register/Daftar/FiledNoHp_Email/input_Nomor HP atau E-mail_register"), "kosiwo1106#leabro.com"): Text 'kosiwo1106#leabro.com' is set on object 'Object Repository/Register/Daftar/FiledNoHp_Email/input_Nomor HP atau E-mail_register'

30-05-2025T13:38:32 - [MESSAGE][PASSED] - Text 'kosiwo1106#leabro.com' is set on object 'Object Repository/Register/Daftar/FiledNoHp_Email/input_Nomor HP atau E-mail_register'

30-05-2025T13:38:32 - [TEST_STEP][PASSED] - verifyTextPresent("Format email salah", true): Text 'Format email salah' is present on page  using regular expression

30-05-2025T13:38:33 - [MESSAGE][PASSED] - Text 'Format email salah' is present on page  using regular expression]]></system-out>
         <system-err><![CDATA[]]></system-err>
      </testcase>
      <testcase name="Test Cases/Register/TC_Register_03 - Register akun menggunakan email yang sudah terdaftar" time="13.411" classname="Test Cases/Register/TC_Register_03 - Register akun menggunakan email yang sudah terdaftar" status="PASSED">
         <system-out><![CDATA[30-05-2025T13:38:33 - [TEST_CASE][PASSED] - Test Cases/Register/TC_Register_03 - Register akun menggunakan email yang sudah terdaftar: Test Cases/Register/TC_Register_03 - Register akun menggunakan email yang sudah terdaftar

30-05-2025T13:38:33 - [TEST_STEP][PASSED] - openBrowser(""): Browser is opened with url: ''

30-05-2025T13:38:33 - [MESSAGE][WARNING] - A browser is already opened. Closing browser and opening a new one

30-05-2025T13:38:34 - [MESSAGE][INFO] - Starting 'Chrome' driver

30-05-2025T13:38:34 - [MESSAGE][INFO] - Action delay is set to 0 milliseconds

30-05-2025T13:38:35 - [MESSAGE][PASSED] - Browser is opened with url: ''

30-05-2025T13:38:35 - [TEST_STEP][PASSED] - maximizeWindow(): Current window maximized

30-05-2025T13:38:35 - [MESSAGE][PASSED] - Current window maximized

30-05-2025T13:38:35 - [TEST_STEP][PASSED] - navigateToUrl("https://www.tokopedia.com/"): Navigate to 'https://www.tokopedia.com/' successfully

30-05-2025T13:38:39 - [MESSAGE][PASSED] - Navigate to 'https://www.tokopedia.com/' successfully

30-05-2025T13:38:39 - [TEST_STEP][PASSED] - click(findTestObject("Register/WelcomePage/svg")): Object: 'Object Repository/Register/WelcomePage/svg' is clicked on

30-05-2025T13:38:41 - [MESSAGE][PASSED] - Object: 'Object Repository/Register/WelcomePage/svg' is clicked on

30-05-2025T13:38:41 - [TEST_STEP][PASSED] - click(findTestObject("Register/Daftar/button_Daftar")): Object: 'Object Repository/Register/Daftar/button_Daftar' is clicked on

30-05-2025T13:38:43 - [MESSAGE][PASSED] - Object: 'Object Repository/Register/Daftar/button_Daftar' is clicked on

30-05-2025T13:38:43 - [TEST_STEP][PASSED] - setText(findTestObject("Register/Daftar/FiledNoHp_Email/input_Nomor HP atau E-mail_register"), "kosiwo1106@leabro.com"): Text 'kosiwo1106@leabro.com' is set on object 'Object Repository/Register/Daftar/FiledNoHp_Email/input_Nomor HP atau E-mail_register'

30-05-2025T13:38:44 - [MESSAGE][PASSED] - Text 'kosiwo1106@leabro.com' is set on object 'Object Repository/Register/Daftar/FiledNoHp_Email/input_Nomor HP atau E-mail_register'

30-05-2025T13:38:44 - [TEST_STEP][PASSED] - click(findTestObject("Register/DaftarAfterSetText/Daftar_2")): Object: 'Object Repository/Register/DaftarAfterSetText/Daftar_2' is clicked on

30-05-2025T13:38:45 - [MESSAGE][PASSED] - Object: 'Object Repository/Register/DaftarAfterSetText/Daftar_2' is clicked on

30-05-2025T13:38:45 - [TEST_STEP][PASSED] - verifyElementPresent(findTestObject("Register/emailSudahTerDaftar/p_Email sudah terdaftar, silahkan masuk menggunakan Google"), 5): Object 'Object Repository/Register/emailSudahTerDaftar/p_Email sudah terdaftar, silahkan masuk menggunakan Google' is present

30-05-2025T13:38:46 - [MESSAGE][PASSED] - Object 'Object Repository/Register/emailSudahTerDaftar/p_Email sudah terdaftar, silahkan masuk menggunakan Google' is present

30-05-2025T13:38:46 - [TEST_STEP][PASSED] - verifyTextPresent("Email sudah terdaftar", false): Text 'Email sudah terdaftar' is present on page 

30-05-2025T13:38:46 - [MESSAGE][PASSED] - Text 'Email sudah terdaftar' is present on page]]></system-out>
         <system-err><![CDATA[]]></system-err>
      </testcase>
      <testcase name="Test Cases/Register/TC_Register_04 - Register akun menggunakan no handphone" time="15.911" classname="Test Cases/Register/TC_Register_04 - Register akun menggunakan no handphone" status="PASSED">
         <system-out><![CDATA[30-05-2025T13:38:46 - [TEST_CASE][PASSED] - Test Cases/Register/TC_Register_04 - Register akun menggunakan no handphone: Test Cases/Register/TC_Register_04 - Register akun menggunakan no handphone

30-05-2025T13:38:46 - [TEST_STEP][PASSED] - openBrowser(""): Browser is opened with url: ''

30-05-2025T13:38:46 - [MESSAGE][WARNING] - A browser is already opened. Closing browser and opening a new one

30-05-2025T13:38:47 - [MESSAGE][INFO] - Starting 'Chrome' driver

30-05-2025T13:38:47 - [MESSAGE][INFO] - Action delay is set to 0 milliseconds

30-05-2025T13:38:49 - [MESSAGE][PASSED] - Browser is opened with url: ''

30-05-2025T13:38:49 - [TEST_STEP][PASSED] - navigateToUrl("https://www.tokopedia.com/"): Navigate to 'https://www.tokopedia.com/' successfully

30-05-2025T13:38:53 - [MESSAGE][PASSED] - Navigate to 'https://www.tokopedia.com/' successfully

30-05-2025T13:38:53 - [TEST_STEP][PASSED] - click(findTestObject("Register/WelcomePage/svg")): Object: 'Object Repository/Register/WelcomePage/svg' is clicked on

30-05-2025T13:38:54 - [MESSAGE][PASSED] - Object: 'Object Repository/Register/WelcomePage/svg' is clicked on

30-05-2025T13:38:54 - [TEST_STEP][PASSED] - click(findTestObject("Register/Daftar/button_Daftar")): Object: 'Object Repository/Register/Daftar/button_Daftar' is clicked on

30-05-2025T13:38:57 - [MESSAGE][PASSED] - Object: 'Object Repository/Register/Daftar/button_Daftar' is clicked on

30-05-2025T13:38:57 - [TEST_STEP][PASSED] - setText(findTestObject("Register/Daftar/FiledNoHp_Email/input_Nomor HP atau E-mail_register"), "08995324319"): Text '08995324319' is set on object 'Object Repository/Register/Daftar/FiledNoHp_Email/input_Nomor HP atau E-mail_register'

30-05-2025T13:38:59 - [MESSAGE][PASSED] - Text '08995324319' is set on object 'Object Repository/Register/Daftar/FiledNoHp_Email/input_Nomor HP atau E-mail_register'

30-05-2025T13:38:59 - [TEST_STEP][PASSED] - click(findTestObject("Register/DaftarAfterSetText/Daftar_2")): Object: 'Object Repository/Register/DaftarAfterSetText/Daftar_2' is clicked on

30-05-2025T13:38:59 - [MESSAGE][PASSED] - Object: 'Object Repository/Register/DaftarAfterSetText/Daftar_2' is clicked on

30-05-2025T13:38:59 - [TEST_STEP][PASSED] - click(findTestObject("Register/afterDaftar/span_Ya, Benar")): Object: 'Object Repository/Register/afterDaftar/span_Ya, Benar' is clicked on

30-05-2025T13:39:01 - [MESSAGE][PASSED] - Object: 'Object Repository/Register/afterDaftar/span_Ya, Benar' is clicked on

30-05-2025T13:39:01 - [TEST_STEP][PASSED] - click(findTestObject("Register/verifikasi/div_WhatsApp ke 628995324319")): Object: 'Object Repository/Register/verifikasi/div_WhatsApp ke 628995324319' is clicked on

30-05-2025T13:39:02 - [MESSAGE][PASSED] - Object: 'Object Repository/Register/verifikasi/div_WhatsApp ke 628995324319' is clicked on]]></system-out>
         <system-err><![CDATA[]]></system-err>
      </testcase>
      <testcase name="Test Cases/Register/TC_Register_05 - Register akun menggunalam no handphone yang sudah terdaftar" time="14.076" classname="Test Cases/Register/TC_Register_05 - Register akun menggunalam no handphone yang sudah terdaftar" status="PASSED">
         <system-out><![CDATA[30-05-2025T13:39:02 - [TEST_CASE][PASSED] - Test Cases/Register/TC_Register_05 - Register akun menggunalam no handphone yang sudah terdaftar: Test Cases/Register/TC_Register_05 - Register akun menggunalam no handphone yang sudah terdaftar

30-05-2025T13:39:02 - [TEST_STEP][PASSED] - openBrowser(""): Browser is opened with url: ''

30-05-2025T13:39:02 - [MESSAGE][WARNING] - A browser is already opened. Closing browser and opening a new one

30-05-2025T13:39:04 - [MESSAGE][INFO] - Starting 'Chrome' driver

30-05-2025T13:39:04 - [MESSAGE][INFO] - Action delay is set to 0 milliseconds

30-05-2025T13:39:05 - [MESSAGE][PASSED] - Browser is opened with url: ''

30-05-2025T13:39:05 - [TEST_STEP][PASSED] - maximizeWindow(): Current window maximized

30-05-2025T13:39:05 - [MESSAGE][PASSED] - Current window maximized

30-05-2025T13:39:05 - [TEST_STEP][PASSED] - navigateToUrl("https://www.tokopedia.com/"): Navigate to 'https://www.tokopedia.com/' successfully

30-05-2025T13:39:09 - [MESSAGE][PASSED] - Navigate to 'https://www.tokopedia.com/' successfully

30-05-2025T13:39:09 - [TEST_STEP][PASSED] - click(findTestObject("Register/WelcomePage/svg")): Object: 'Object Repository/Register/WelcomePage/svg' is clicked on

30-05-2025T13:39:10 - [MESSAGE][PASSED] - Object: 'Object Repository/Register/WelcomePage/svg' is clicked on

30-05-2025T13:39:10 - [TEST_STEP][PASSED] - click(findTestObject("Register/Daftar/button_Daftar")): Object: 'Object Repository/Register/Daftar/button_Daftar' is clicked on

30-05-2025T13:39:13 - [MESSAGE][PASSED] - Object: 'Object Repository/Register/Daftar/button_Daftar' is clicked on

30-05-2025T13:39:13 - [TEST_STEP][PASSED] - setText(findTestObject("Register/Daftar/FiledNoHp_Email/input_Nomor HP atau E-mail_register"), "089611515526"): Text '089611515526' is set on object 'Object Repository/Register/Daftar/FiledNoHp_Email/input_Nomor HP atau E-mail_register'

30-05-2025T13:39:14 - [MESSAGE][PASSED] - Text '089611515526' is set on object 'Object Repository/Register/Daftar/FiledNoHp_Email/input_Nomor HP atau E-mail_register'

30-05-2025T13:39:14 - [TEST_STEP][PASSED] - click(findTestObject("Register/DaftarAfterSetText/Daftar_2")): Object: 'Object Repository/Register/DaftarAfterSetText/Daftar_2' is clicked on

30-05-2025T13:39:15 - [MESSAGE][PASSED] - Object: 'Object Repository/Register/DaftarAfterSetText/Daftar_2' is clicked on

30-05-2025T13:39:15 - [TEST_STEP][PASSED] - verifyElementPresent(findTestObject("Register/NoHpSudahTerdaftar/div_Nomor HP sudah terdaftarMasuk dengan nomor ini 089611515526MasukUbah"), 5): Object 'Object Repository/Register/NoHpSudahTerdaftar/div_Nomor HP sudah terdaftarMasuk dengan nomor ini 089611515526MasukUbah' is present

30-05-2025T13:39:16 - [MESSAGE][PASSED] - Object 'Object Repository/Register/NoHpSudahTerdaftar/div_Nomor HP sudah terdaftarMasuk dengan nomor ini 089611515526MasukUbah' is present

30-05-2025T13:39:16 - [TEST_STEP][PASSED] - verifyTextPresent("Nomor HP sudah terdaftar", false): Text 'Nomor HP sudah terdaftar' is present on page 

30-05-2025T13:39:16 - [MESSAGE][PASSED] - Text 'Nomor HP sudah terdaftar' is present on page]]></system-out>
         <system-err><![CDATA[]]></system-err>
      </testcase>
      <system-out><![CDATA[30-05-2025T13:37:54 - [TEST_SUITE][PASSED] - Register: Test Cases/Register/TC_Register_05 - Register akun menggunalam no handphone yang sudah terdaftar]]></system-out>
      <system-err><![CDATA[]]></system-err>
   </testsuite>
</testsuites>
