<?xml version="1.0" encoding="UTF-8"?>
<testsuites name="Login" time="72.275" tests="4" failures="0" errors="0">
   <testsuite name="Login" tests="4" failures="0" errors="0" time="72.275" skipped="0" timestamp="30-05-2025T16:51:35" hostname="albar - Albar" id="Test Suites/Login">
      <properties>
         <property name="deviceName" value=""/>
         <property name="devicePlatform"/>
         <property name="logFolder" value="C:\\Project Bootcamp\\Project_katalon_E2E_Tokopedia\\Tokopedia\\Reports\\20250530_165119\\Login\\20250530_165119"/>
         <property name="logFiles" value="C:\\Project Bootcamp\\Project_katalon_E2E_Tokopedia\\Tokopedia\\Reports\\20250530_165119\\Login\\20250530_165119\\execution0.log"/>
         <property name="attachments" value=""/>
         <property name="hostName" value="albar - Albar"/>
         <property name="os" value="Windows 11 64bit"/>
         <property name="katalonVersion" value="9.7.5.223"/>
         <property name="browser" value="Chrome 136.0.0.0"/>
         <property name="hostAddress" value="192.168.100.12"/>
         <property name="sessionId" value="97596d868914e020dea15081274e893c"/>
         <property name="seleniumVersion" value="3.141.59"/>
         <property name="proxyInformation" value="ProxyInformation { proxyOption=NO_PROXY, proxyServerType=HTTP, username=, password=********, proxyServerAddress=, proxyServerPort=0, executionList=&quot;&quot;, isApplyToDesiredCapabilities=true }"/>
         <property name="platform" value="Windows 11"/>
      </properties>
      <testcase name="Test Cases/Login/TC_Login_01 - Login akun menggunakan akun google yang sudah terdaftar" time="20.612" classname="Test Cases/Login/TC_Login_01 - Login akun menggunakan akun google yang sudah terdaftar" status="PASSED">
         <system-out><![CDATA[30-05-2025T16:51:36 - [TEST_CASE][PASSED] - Test Cases/Login/TC_Login_01 - Login akun menggunakan akun google yang sudah terdaftar: Test Cases/Login/TC_Login_01 - Login akun menggunakan akun google yang sudah terdaftar

30-05-2025T16:51:37 - [TEST_STEP][PASSED] - openBrowser(""): Browser is opened with url: ''

30-05-2025T16:51:39 - [MESSAGE][INFO] - Starting 'Chrome' driver

30-05-2025T16:51:39 - [MESSAGE][INFO] - Action delay is set to 0 milliseconds

30-05-2025T16:51:43 - [MESSAGE][PASSED] - Browser is opened with url: ''

30-05-2025T16:51:43 - [TEST_STEP][PASSED] - maximizeWindow(): Current window maximized

30-05-2025T16:51:43 - [MESSAGE][PASSED] - Current window maximized

30-05-2025T16:51:43 - [TEST_STEP][PASSED] - navigateToUrl("https://tokopedia.com/"): Navigate to 'https://tokopedia.com/' successfully

30-05-2025T16:51:44 - [MESSAGE][PASSED] - Navigate to 'https://tokopedia.com/' successfully

30-05-2025T16:51:44 - [TEST_STEP][PASSED] - click(findTestObject("Register/WelcomePage/svg")): Object: 'Object Repository/Register/WelcomePage/svg' is clicked on

30-05-2025T16:51:51 - [MESSAGE][PASSED] - Object: 'Object Repository/Register/WelcomePage/svg' is clicked on

30-05-2025T16:51:51 - [TEST_STEP][PASSED] - click(findTestObject("Login/Masuk/button_Masuk")): Object: 'Object Repository/Login/Masuk/button_Masuk' is clicked on

30-05-2025T16:51:53 - [MESSAGE][PASSED] - Object: 'Object Repository/Login/Masuk/button_Masuk' is clicked on

30-05-2025T16:51:53 - [TEST_STEP][PASSED] - setText(findTestObject("Login/fieldNoHandphone_Email/input_Nomor HP atau Email_email-phone"), "kosiwo1106@leabro.com"): Text 'kosiwo1106@leabro.com' is set on object 'Object Repository/Login/fieldNoHandphone_Email/input_Nomor HP atau Email_email-phone'

30-05-2025T16:51:54 - [MESSAGE][PASSED] - Text 'kosiwo1106@leabro.com' is set on object 'Object Repository/Login/fieldNoHandphone_Email/input_Nomor HP atau Email_email-phone'

30-05-2025T16:51:54 - [TEST_STEP][PASSED] - click(findTestObject("Login/selanjutnya/button_Selanjutnya")): Object: 'Object Repository/Login/selanjutnya/button_Selanjutnya' is clicked on

30-05-2025T16:51:55 - [MESSAGE][PASSED] - Object: 'Object Repository/Login/selanjutnya/button_Selanjutnya' is clicked on

30-05-2025T16:51:55 - [TEST_STEP][PASSED] - setEncryptedText(findTestObject("Login/password/input_Kata Sandi_password-input"), "aIXAl78w3oZ+6E6iX2AZCg=="): Text ****** has been set on object 'Object Repository/Login/password/input_Kata Sandi_password-input'

30-05-2025T16:51:56 - [MESSAGE][PASSED] - Text ****** has been set on object 'Object Repository/Login/password/input_Kata Sandi_password-input'

30-05-2025T16:51:56 - [TEST_STEP][PASSED] - click(findTestObject("Login/Masuk/span_Masuk")): Object: 'Object Repository/Login/Masuk/span_Masuk' is clicked on

30-05-2025T16:51:57 - [MESSAGE][PASSED] - Object: 'Object Repository/Login/Masuk/span_Masuk' is clicked on]]></system-out>
         <system-err><![CDATA[]]></system-err>
      </testcase>
      <testcase name="Test Cases/Login/TC_Login_02 - Login akun menggunakan akun google yang belum terdaftar" time="15.459" classname="Test Cases/Login/TC_Login_02 - Login akun menggunakan akun google yang belum terdaftar" status="PASSED">
         <system-out><![CDATA[30-05-2025T16:51:57 - [TEST_CASE][PASSED] - Test Cases/Login/TC_Login_02 - Login akun menggunakan akun google yang belum terdaftar: Test Cases/Login/TC_Login_02 - Login akun menggunakan akun google yang belum terdaftar

30-05-2025T16:51:57 - [TEST_STEP][PASSED] - openBrowser(""): Browser is opened with url: ''

30-05-2025T16:51:57 - [MESSAGE][WARNING] - A browser is already opened. Closing browser and opening a new one

30-05-2025T16:51:58 - [MESSAGE][INFO] - Starting 'Chrome' driver

30-05-2025T16:51:58 - [MESSAGE][INFO] - Action delay is set to 0 milliseconds

30-05-2025T16:51:59 - [MESSAGE][PASSED] - Browser is opened with url: ''

30-05-2025T16:51:59 - [TEST_STEP][PASSED] - maximizeWindow(): Current window maximized

30-05-2025T16:52:00 - [MESSAGE][PASSED] - Current window maximized

30-05-2025T16:52:00 - [TEST_STEP][PASSED] - navigateToUrl("https://tokopedia.com/"): Navigate to 'https://tokopedia.com/' successfully

30-05-2025T16:52:05 - [MESSAGE][PASSED] - Navigate to 'https://tokopedia.com/' successfully

30-05-2025T16:52:06 - [TEST_STEP][PASSED] - click(findTestObject("Register/WelcomePage/svg")): Object: 'Object Repository/Register/WelcomePage/svg' is clicked on

30-05-2025T16:52:07 - [MESSAGE][PASSED] - Object: 'Object Repository/Register/WelcomePage/svg' is clicked on

30-05-2025T16:52:07 - [TEST_STEP][PASSED] - click(findTestObject("Login/Masuk/button_Masuk")): Object: 'Object Repository/Login/Masuk/button_Masuk' is clicked on

30-05-2025T16:52:08 - [MESSAGE][PASSED] - Object: 'Object Repository/Login/Masuk/button_Masuk' is clicked on

30-05-2025T16:52:08 - [TEST_STEP][PASSED] - setText(findTestObject("Login/fieldNoHandphone_Email/input_Nomor HP atau Email_email-phone"), "vexohi2292@nomrista.com"): Text 'vexohi2292@nomrista.com' is set on object 'Object Repository/Login/fieldNoHandphone_Email/input_Nomor HP atau Email_email-phone'

30-05-2025T16:52:10 - [MESSAGE][PASSED] - Text 'vexohi2292@nomrista.com' is set on object 'Object Repository/Login/fieldNoHandphone_Email/input_Nomor HP atau Email_email-phone'

30-05-2025T16:52:10 - [TEST_STEP][PASSED] - click(findTestObject("Login/selanjutnya/button_Selanjutnya")): Object: 'Object Repository/Login/selanjutnya/button_Selanjutnya' is clicked on

30-05-2025T16:52:10 - [MESSAGE][PASSED] - Object: 'Object Repository/Login/selanjutnya/button_Selanjutnya' is clicked on

30-05-2025T16:52:10 - [TEST_STEP][PASSED] - verifyElementPresent(findTestObject("Login/emailBelumTerdaftar/div_Email belum terdaftarLanjut daftar dengan email ini  vexohi2292nomrista.comYa, DaftarUbah"), 5): Object 'Object Repository/Login/emailBelumTerdaftar/div_Email belum terdaftarLanjut daftar dengan email ini  vexohi2292nomrista.comYa, DaftarUbah' is present

30-05-2025T16:52:12 - [MESSAGE][PASSED] - Object 'Object Repository/Login/emailBelumTerdaftar/div_Email belum terdaftarLanjut daftar dengan email ini  vexohi2292nomrista.comYa, DaftarUbah' is present

30-05-2025T16:52:12 - [TEST_STEP][PASSED] - verifyTextPresent("Email belum terdaftar", false): Text 'Email belum terdaftar' is present on page 

30-05-2025T16:52:12 - [MESSAGE][PASSED] - Text 'Email belum terdaftar' is present on page]]></system-out>
         <system-err><![CDATA[]]></system-err>
      </testcase>
      <testcase name="Test Cases/Login/TC_Login_03 - Login akun menggunakan no handphone yang belum terdaftar" time="16.784" classname="Test Cases/Login/TC_Login_03 - Login akun menggunakan no handphone yang belum terdaftar" status="PASSED">
         <system-out><![CDATA[30-05-2025T16:52:12 - [TEST_CASE][PASSED] - Test Cases/Login/TC_Login_03 - Login akun menggunakan no handphone yang belum terdaftar: Test Cases/Login/TC_Login_03 - Login akun menggunakan no handphone yang belum terdaftar

30-05-2025T16:52:12 - [TEST_STEP][PASSED] - openBrowser(""): Browser is opened with url: ''

30-05-2025T16:52:12 - [MESSAGE][WARNING] - A browser is already opened. Closing browser and opening a new one

30-05-2025T16:52:13 - [MESSAGE][INFO] - Starting 'Chrome' driver

30-05-2025T16:52:13 - [MESSAGE][INFO] - Action delay is set to 0 milliseconds

30-05-2025T16:52:14 - [MESSAGE][PASSED] - Browser is opened with url: ''

30-05-2025T16:52:14 - [TEST_STEP][PASSED] - maximizeWindow(): Current window maximized

30-05-2025T16:52:15 - [MESSAGE][PASSED] - Current window maximized

30-05-2025T16:52:15 - [TEST_STEP][PASSED] - navigateToUrl("https://tokopedia.com/"): Navigate to 'https://tokopedia.com/' successfully

30-05-2025T16:52:21 - [MESSAGE][PASSED] - Navigate to 'https://tokopedia.com/' successfully

30-05-2025T16:52:21 - [TEST_STEP][PASSED] - click(findTestObject("Register/WelcomePage/svg")): Object: 'Object Repository/Register/WelcomePage/svg' is clicked on

30-05-2025T16:52:23 - [MESSAGE][PASSED] - Object: 'Object Repository/Register/WelcomePage/svg' is clicked on

30-05-2025T16:52:23 - [TEST_STEP][PASSED] - click(findTestObject("Login/Masuk/button_Masuk")): Object: 'Object Repository/Login/Masuk/button_Masuk' is clicked on

30-05-2025T16:52:25 - [MESSAGE][PASSED] - Object: 'Object Repository/Login/Masuk/button_Masuk' is clicked on

30-05-2025T16:52:25 - [TEST_STEP][PASSED] - setText(findTestObject("Login/fieldNoHandphone_Email/input_Nomor HP atau Email_email-phone"), "08995324319"): Text '08995324319' is set on object 'Object Repository/Login/fieldNoHandphone_Email/input_Nomor HP atau Email_email-phone'

30-05-2025T16:52:26 - [MESSAGE][PASSED] - Text '08995324319' is set on object 'Object Repository/Login/fieldNoHandphone_Email/input_Nomor HP atau Email_email-phone'

30-05-2025T16:52:26 - [TEST_STEP][PASSED] - click(findTestObject("Login/selanjutnya/button_Selanjutnya")): Object: 'Object Repository/Login/selanjutnya/button_Selanjutnya' is clicked on

30-05-2025T16:52:27 - [MESSAGE][PASSED] - Object: 'Object Repository/Login/selanjutnya/button_Selanjutnya' is clicked on

30-05-2025T16:52:27 - [TEST_STEP][PASSED] - verifyElementPresent(findTestObject("Login/noHandphoneBelumTerdaftar/div_Nomor HP belum terdaftarLanjut daftar dengan nomor HP ini  08995324319Ya, DaftarUbah"), 5): Object 'Object Repository/Login/noHandphoneBelumTerdaftar/div_Nomor HP belum terdaftarLanjut daftar dengan nomor HP ini  08995324319Ya, DaftarUbah' is present

30-05-2025T16:52:28 - [MESSAGE][PASSED] - Object 'Object Repository/Login/noHandphoneBelumTerdaftar/div_Nomor HP belum terdaftarLanjut daftar dengan nomor HP ini  08995324319Ya, DaftarUbah' is present

30-05-2025T16:52:28 - [TEST_STEP][PASSED] - verifyTextPresent("Nomor HP belum terdaftar", false): Text 'Nomor HP belum terdaftar' is present on page 

30-05-2025T16:52:29 - [MESSAGE][PASSED] - Text 'Nomor HP belum terdaftar' is present on page]]></system-out>
         <system-err><![CDATA[]]></system-err>
      </testcase>
      <testcase name="Test Cases/Login/TC_Login_04 - Login akun menggunakan no handphone yang sudah terdaftar" time="18.644" classname="Test Cases/Login/TC_Login_04 - Login akun menggunakan no handphone yang sudah terdaftar" status="PASSED">
         <system-out><![CDATA[30-05-2025T16:52:29 - [TEST_CASE][PASSED] - Test Cases/Login/TC_Login_04 - Login akun menggunakan no handphone yang sudah terdaftar: Test Cases/Login/TC_Login_04 - Login akun menggunakan no handphone yang sudah terdaftar

30-05-2025T16:52:29 - [TEST_STEP][PASSED] - openBrowser(""): Browser is opened with url: ''

30-05-2025T16:52:29 - [MESSAGE][WARNING] - A browser is already opened. Closing browser and opening a new one

30-05-2025T16:52:30 - [MESSAGE][INFO] - Starting 'Chrome' driver

30-05-2025T16:52:30 - [MESSAGE][INFO] - Action delay is set to 0 milliseconds

30-05-2025T16:52:32 - [MESSAGE][PASSED] - Browser is opened with url: ''

30-05-2025T16:52:32 - [TEST_STEP][PASSED] - maximizeWindow(): Current window maximized

30-05-2025T16:52:32 - [MESSAGE][PASSED] - Current window maximized

30-05-2025T16:52:32 - [TEST_STEP][PASSED] - navigateToUrl("https://www.tokopedia.com/"): Navigate to 'https://www.tokopedia.com/' successfully

30-05-2025T16:52:38 - [MESSAGE][PASSED] - Navigate to 'https://www.tokopedia.com/' successfully

30-05-2025T16:52:38 - [TEST_STEP][PASSED] - click(findTestObject("Register/WelcomePage/svg")): Object: 'Object Repository/Register/WelcomePage/svg' is clicked on

30-05-2025T16:52:40 - [MESSAGE][PASSED] - Object: 'Object Repository/Register/WelcomePage/svg' is clicked on

30-05-2025T16:52:40 - [TEST_STEP][PASSED] - click(findTestObject("Login/Masuk/button_Masuk")): Object: 'Object Repository/Login/Masuk/button_Masuk' is clicked on

30-05-2025T16:52:41 - [MESSAGE][PASSED] - Object: 'Object Repository/Login/Masuk/button_Masuk' is clicked on

30-05-2025T16:52:41 - [TEST_STEP][PASSED] - setText(findTestObject("Login/fieldNoHandphone_Email/input_Nomor HP atau Email_email-phone"), "089611515526"): Text '089611515526' is set on object 'Object Repository/Login/fieldNoHandphone_Email/input_Nomor HP atau Email_email-phone'

30-05-2025T16:52:42 - [MESSAGE][PASSED] - Text '089611515526' is set on object 'Object Repository/Login/fieldNoHandphone_Email/input_Nomor HP atau Email_email-phone'

30-05-2025T16:52:42 - [TEST_STEP][PASSED] - click(findTestObject("Login/selanjutnya/button_Selanjutnya")): Object: 'Object Repository/Login/selanjutnya/button_Selanjutnya' is clicked on

30-05-2025T16:52:43 - [MESSAGE][PASSED] - Object: 'Object Repository/Login/selanjutnya/button_Selanjutnya' is clicked on

30-05-2025T16:52:43 - [TEST_STEP][PASSED] - click(findTestObject("Login/verifikasiWhatsapp/div_WhatsApp ke 6289611515526")): Object: 'Object Repository/Login/verifikasiWhatsapp/div_WhatsApp ke 6289611515526' is clicked on

30-05-2025T16:52:48 - [MESSAGE][PASSED] - Object: 'Object Repository/Login/verifikasiWhatsapp/div_WhatsApp ke 6289611515526' is clicked on]]></system-out>
         <system-err><![CDATA[]]></system-err>
      </testcase>
      <system-out><![CDATA[30-05-2025T16:51:35 - [TEST_SUITE][PASSED] - Login: Test Cases/Login/TC_Login_04 - Login akun menggunakan no handphone yang sudah terdaftar]]></system-out>
      <system-err><![CDATA[]]></system-err>
   </testsuite>
</testsuites>
