<?xml version="1.0" encoding="UTF-8"?>
<testsuites name="Search" time="64.963" tests="2" failures="0" errors="0">
   <testsuite name="Search" tests="2" failures="0" errors="0" time="64.963" skipped="0" timestamp="30-05-2025T22:45:24" hostname="albar - Albar" id="Test Suites/Search">
      <properties>
         <property name="deviceName" value=""/>
         <property name="devicePlatform"/>
         <property name="logFolder" value="C:\\Project Bootcamp\\Project_katalon_E2E_Tokopedia\\Tokopedia\\Reports\\20250530_224509\\Search\\20250530_224509"/>
         <property name="logFiles" value="C:\\Project Bootcamp\\Project_katalon_E2E_Tokopedia\\Tokopedia\\Reports\\20250530_224509\\Search\\20250530_224509\\execution0.log"/>
         <property name="attachments" value=""/>
         <property name="hostName" value="albar - Albar"/>
         <property name="os" value="Windows 11 64bit"/>
         <property name="katalonVersion" value="9.7.5.223"/>
         <property name="browser" value="Chrome 136.0.0.0"/>
         <property name="hostAddress" value="192.168.100.12"/>
         <property name="sessionId" value="300e348e69db482682a12fe59d62a645"/>
         <property name="seleniumVersion" value="3.141.59"/>
         <property name="proxyInformation" value="ProxyInformation { proxyOption=NO_PROXY, proxyServerType=HTTP, username=, password=********, proxyServerAddress=, proxyServerPort=0, executionList=&quot;&quot;, isApplyToDesiredCapabilities=true }"/>
         <property name="platform" value="Windows 11"/>
      </properties>
      <testcase name="Test Cases/Search Produk/TC_SP_01 - Mencari produk menggunkan navigasi kategori" time="35.751" classname="Test Cases/Search Produk/TC_SP_01 - Mencari produk menggunkan navigasi kategori" status="PASSED">
         <system-out><![CDATA[30-05-2025T22:45:24 - [TEST_CASE][PASSED] - Test Cases/Search Produk/TC_SP_01 - Mencari produk menggunkan navigasi kategori: Test Cases/Search Produk/TC_SP_01 - Mencari produk menggunkan navigasi kategori

30-05-2025T22:45:26 - [TEST_STEP][PASSED] - openBrowser(""): Browser is opened with url: ''

30-05-2025T22:45:27 - [MESSAGE][INFO] - Starting 'Chrome' driver

30-05-2025T22:45:27 - [MESSAGE][INFO] - Action delay is set to 0 milliseconds

30-05-2025T22:45:31 - [MESSAGE][PASSED] - Browser is opened with url: ''

30-05-2025T22:45:31 - [TEST_STEP][PASSED] - maximizeWindow(): Current window maximized

30-05-2025T22:45:31 - [MESSAGE][PASSED] - Current window maximized

30-05-2025T22:45:31 - [TEST_STEP][PASSED] - navigateToUrl("https://www.tokopedia.com/"): Navigate to 'https://www.tokopedia.com/' successfully

30-05-2025T22:45:37 - [MESSAGE][PASSED] - Navigate to 'https://www.tokopedia.com/' successfully

30-05-2025T22:45:37 - [TEST_STEP][PASSED] - click(findTestObject("Register/WelcomePage/svg")): Object: 'Object Repository/Register/WelcomePage/svg' is clicked on

30-05-2025T22:45:39 - [MESSAGE][PASSED] - Object: 'Object Repository/Register/WelcomePage/svg' is clicked on

30-05-2025T22:45:39 - [TEST_STEP][PASSED] - click(findTestObject("Search/category/a_Kategori")): Object: 'Object Repository/Search/category/a_Kategori' is clicked on

30-05-2025T22:45:43 - [MESSAGE][PASSED] - Object: 'Object Repository/Search/category/a_Kategori' is clicked on

30-05-2025T22:45:43 - [TEST_STEP][PASSED] - click(findTestObject("Search/pageCategory/a_Baterai  Charger Kamera")): Object: 'Object Repository/Search/pageCategory/a_Baterai  Charger Kamera' is clicked on

30-05-2025T22:45:49 - [MESSAGE][PASSED] - Object: 'Object Repository/Search/pageCategory/a_Baterai  Charger Kamera' is clicked on

30-05-2025T22:45:49 - [TEST_STEP][PASSED] - click(findTestObject("Search/KameraDigital/img_Kamera Digital_css-1ckwll6")): Object: 'Object Repository/Search/KameraDigital/img_Kamera Digital_css-1ckwll6' is clicked on

30-05-2025T22:45:50 - [MESSAGE][PASSED] - Object: 'Object Repository/Search/KameraDigital/img_Kamera Digital_css-1ckwll6' is clicked on

30-05-2025T22:45:50 - [TEST_STEP][PASSED] - click(findTestObject("Search/actionCamera/span_Action Camera")): Object: 'Object Repository/Search/actionCamera/span_Action Camera' is clicked on

30-05-2025T22:45:51 - [MESSAGE][PASSED] - Object: 'Object Repository/Search/actionCamera/span_Action Camera' is clicked on

30-05-2025T22:45:51 - [TEST_STEP][PASSED] - click(findTestObject("Search/DJI Osmo Pocket 3/img_Tambah ke Wishlist_success fade")): Object: 'Object Repository/Search/DJI Osmo Pocket 3/img_Tambah ke Wishlist_success fade' is clicked on

30-05-2025T22:45:54 - [MESSAGE][PASSED] - Object: 'Object Repository/Search/DJI Osmo Pocket 3/img_Tambah ke Wishlist_success fade' is clicked on

30-05-2025T22:45:54 - [TEST_STEP][PASSED] - verifyElementPresent(findTestObject("Search/Assert_DJI Osmo Pocket 3 - Pocket Gimbal Camera - Pocket 3 Cicil 0 3x - Kab. Tangerang - DJI Official Store  Tokopedia/DJI Osmo Pocket 3 - Pocket Gimbal Camera - Pocket 3"), 0): Object 'Object Repository/Search/Assert_DJI Osmo Pocket 3 - Pocket Gimbal Camera - Pocket 3 Cicil 0 3x - Kab. Tangerang - DJI Official Store  Tokopedia/DJI Osmo Pocket 3 - Pocket Gimbal Camera - Pocket 3' is present

30-05-2025T22:45:55 - [MESSAGE][WARNING] - Timeout '0' is invalid. Using default page load timeout: '30'

30-05-2025T22:45:59 - [MESSAGE][PASSED] - Object 'Object Repository/Search/Assert_DJI Osmo Pocket 3 - Pocket Gimbal Camera - Pocket 3 Cicil 0 3x - Kab. Tangerang - DJI Official Store  Tokopedia/DJI Osmo Pocket 3 - Pocket Gimbal Camera - Pocket 3' is present

30-05-2025T22:45:59 - [TEST_STEP][PASSED] - verifyTextPresent("DJI Osmo Pocket 3 - Pocket Gimbal Camera - Pocket 3", false): Text 'DJI Osmo Pocket 3 - Pocket Gimbal Camera - Pocket 3' is present on page 

30-05-2025T22:46:00 - [MESSAGE][PASSED] - Text 'DJI Osmo Pocket 3 - Pocket Gimbal Camera - Pocket 3' is present on page]]></system-out>
         <system-err><![CDATA[]]></system-err>
      </testcase>
      <testcase name="Test Cases/Search Produk/TC_SP_02 - Mencari produk Tenda Glamping naturehike village 13 melalui search page" time="28.447" classname="Test Cases/Search Produk/TC_SP_02 - Mencari produk Tenda Glamping naturehike village 13 melalui search page" status="PASSED">
         <system-out><![CDATA[30-05-2025T22:46:00 - [TEST_CASE][PASSED] - Test Cases/Search Produk/TC_SP_02 - Mencari produk Tenda Glamping naturehike village 13 melalui search page: Test Cases/Search Produk/TC_SP_02 - Mencari produk Tenda Glamping naturehike village 13 melalui search page

30-05-2025T22:46:01 - [TEST_STEP][PASSED] - openBrowser(""): Browser is opened with url: ''

30-05-2025T22:46:01 - [MESSAGE][WARNING] - A browser is already opened. Closing browser and opening a new one

30-05-2025T22:46:01 - [MESSAGE][INFO] - Starting 'Chrome' driver

30-05-2025T22:46:01 - [MESSAGE][INFO] - Action delay is set to 0 milliseconds

30-05-2025T22:46:03 - [MESSAGE][PASSED] - Browser is opened with url: ''

30-05-2025T22:46:03 - [TEST_STEP][PASSED] - maximizeWindow(): Current window maximized

30-05-2025T22:46:04 - [MESSAGE][PASSED] - Current window maximized

30-05-2025T22:46:04 - [TEST_STEP][PASSED] - navigateToUrl("https://www.tokopedia.com/"): Navigate to 'https://www.tokopedia.com/' successfully

30-05-2025T22:46:11 - [MESSAGE][PASSED] - Navigate to 'https://www.tokopedia.com/' successfully

30-05-2025T22:46:11 - [TEST_STEP][PASSED] - click(findTestObject("Register/WelcomePage/svg")): Object: 'Object Repository/Register/WelcomePage/svg' is clicked on

30-05-2025T22:46:13 - [MESSAGE][PASSED] - Object: 'Object Repository/Register/WelcomePage/svg' is clicked on

30-05-2025T22:46:13 - [TEST_STEP][PASSED] - setText(findTestObject("Search/searchPage/input_Kategori_css-6v0gm9 exxxdg63"), "Tenda Glamping naturehike village 13"): Text 'Tenda Glamping naturehike village 13' is set on object 'Object Repository/Search/searchPage/input_Kategori_css-6v0gm9 exxxdg63'

30-05-2025T22:46:15 - [MESSAGE][PASSED] - Text 'Tenda Glamping naturehike village 13' is set on object 'Object Repository/Search/searchPage/input_Kategori_css-6v0gm9 exxxdg63'

30-05-2025T22:46:15 - [TEST_STEP][PASSED] - delay(3, STOP_ON_FAILURE): Delayed 3 second(s)

30-05-2025T22:46:18 - [MESSAGE][PASSED] - Delayed 3 second(s)

30-05-2025T22:46:18 - [TEST_STEP][PASSED] - sendKeys(findTestObject("Search/searchPage/input_Kategori_css-6v0gm9 exxxdg63"), Keys.chord(ENTER)): Keys 'ENTER + ' sent to object: 'Object Repository/Search/searchPage/input_Kategori_css-6v0gm9 exxxdg63'

30-05-2025T22:46:18 - [MESSAGE][PASSED] - Keys 'ENTER + ' sent to object: 'Object Repository/Search/searchPage/input_Kategori_css-6v0gm9 exxxdg63'

30-05-2025T22:46:18 - [TEST_STEP][PASSED] - click(findTestObject("Search/Tenda Glamping naturehike village 13/img_Urutkan_Q6EyY3lHkLBxLWawflt9Sg NWVIhquIvF0Jc0Qlizjluw")): Object: 'Object Repository/Search/Tenda Glamping naturehike village 13/img_Urutkan_Q6EyY3lHkLBxLWawflt9Sg NWVIhquIvF0Jc0Qlizjluw' is clicked on

30-05-2025T22:46:24 - [MESSAGE][PASSED] - Object: 'Object Repository/Search/Tenda Glamping naturehike village 13/img_Urutkan_Q6EyY3lHkLBxLWawflt9Sg NWVIhquIvF0Jc0Qlizjluw' is clicked on

30-05-2025T22:46:24 - [TEST_STEP][PASSED] - verifyElementPresent(findTestObject("Search/assertTenda/h1_TENDA VILLAGE 13  GLAMPING  TENDA OTOMATIS NATUREHIKE CNH22ZP004"), 3): Object 'Object Repository/Search/assertTenda/h1_TENDA VILLAGE 13  GLAMPING  TENDA OTOMATIS NATUREHIKE CNH22ZP004' is present

30-05-2025T22:46:27 - [MESSAGE][PASSED] - Object 'Object Repository/Search/assertTenda/h1_TENDA VILLAGE 13  GLAMPING  TENDA OTOMATIS NATUREHIKE CNH22ZP004' is present

30-05-2025T22:46:27 - [TEST_STEP][PASSED] - verifyTextPresent("TENDA VILLAGE 13 / GLAMPING / TENDA OTOMATIS NATUREHIKE CNH22ZP004", false): Text 'TENDA VILLAGE 13 / GLAMPING / TENDA OTOMATIS NATUREHIKE CNH22ZP004' is present on page 

30-05-2025T22:46:29 - [MESSAGE][PASSED] - Text 'TENDA VILLAGE 13 / GLAMPING / TENDA OTOMATIS NATUREHIKE CNH22ZP004' is present on page]]></system-out>
         <system-err><![CDATA[]]></system-err>
      </testcase>
      <system-out><![CDATA[30-05-2025T22:45:24 - [TEST_SUITE][PASSED] - Search: Test Cases/Search Produk/TC_SP_02 - Mencari produk Tenda Glamping naturehike village 13 melalui search page]]></system-out>
      <system-err><![CDATA[]]></system-err>
   </testsuite>
</testsuites>
